This file contains any messages produced by compilers while
running configure, to aid debugging if configure makes a mistake.

It was created by HMMER configure 3.2.1, which was
generated by GNU Autoconf 2.69.  Invocation command line was

  $ ./configure --prefix /c/Users/Ginny Wu/hmmer-3.2.1

## --------- ##
## Platform. ##
## --------- ##

hostname = DESKTOP-L37R80N
uname -m = x86_64
uname -r = 2.10.0(0.325/5/3)
uname -s = MINGW64_NT-10.0
uname -v = 2018-02-12 08:49

/usr/bin/uname -p = unknown
/bin/uname -X     = unknown

/bin/arch              = x86_64
/usr/bin/arch -k       = unknown
/usr/convex/getsysinfo = unknown
/usr/bin/hostinfo      = unknown
/bin/machine           = unknown
/usr/bin/oslevel       = unknown
/bin/universe          = unknown

PATH: /c/Users/Ginny Wu/bin
PATH: /mingw64/bin
PATH: /usr/local/bin
PATH: /usr/bin
PATH: /bin
PATH: /mingw64/bin
PATH: /usr/bin
PATH: /c/Users/Ginny Wu/bin
PATH: /c/ProgramData/Oracle/Java/javapath
PATH: /c/WINDOWS/system32
PATH: /c/WINDOWS
PATH: /c/WINDOWS/System32/Wbem
PATH: /c/WINDOWS/System32/WindowsPowerShell/v1.0
PATH: /cmd
PATH: /c/Python27
PATH: /c/Python27/Scripts
PATH: /c/WINDOWS/System32/OpenSSH
PATH: /c/Program Files/PuTTY
PATH: /c/Users/Ginny Wu/AppData/Local/Microsoft/WindowsApps
PATH: /c/Program Files/Microsoft VS Code/bin
PATH: /c/Users/Ginny Wu/AppData/Local/GitHubDesktop/bin
PATH: /c/Users/Ginny Wu/AppData/Local/Microsoft/WindowsApps
PATH: /c/Program Files/Java/jdk1.8.0_161/bin
PATH: /c/Users/Ginny Wu/AppData/Local/atom/bin
PATH: /usr/bin/vendor_perl
PATH: /usr/bin/core_perl


## ----------- ##
## Core tests. ##
## ----------- ##

configure:2275: Configuring HMMER3 for your system.
configure:2426: checking build system type
configure:2440: result: x86_64-pc-mingw64
configure:2460: checking host system type
configure:2473: result: x86_64-pc-mingw64
configure:2656: checking for gcc
configure:2686: result: no
configure:2749: checking for cc
configure:2796: result: no
configure:2852: checking for cl.exe
configure:2882: result: no
configure:2906: error: in `/c/Users/Ginny Wu/Documents/cse180final/hmmer-3.2.1':
configure:2908: error: no acceptable C compiler found in $PATH
See `config.log' for more details

## ---------------- ##
## Cache variables. ##
## ---------------- ##

ac_cv_build=x86_64-pc-mingw64
ac_cv_env_CC_set=
ac_cv_env_CC_value=
ac_cv_env_CFLAGS_set=
ac_cv_env_CFLAGS_value=
ac_cv_env_CPPFLAGS_set=
ac_cv_env_CPPFLAGS_value=
ac_cv_env_CPP_set=
ac_cv_env_CPP_value=
ac_cv_env_LDFLAGS_set=
ac_cv_env_LDFLAGS_value=
ac_cv_env_LIBS_set=
ac_cv_env_LIBS_value=
ac_cv_env_MPICC_set=
ac_cv_env_MPICC_value=
ac_cv_env_build_alias_set=
ac_cv_env_build_alias_value=
ac_cv_env_host_alias_set=
ac_cv_env_host_alias_value=
ac_cv_env_target_alias_set=
ac_cv_env_target_alias_value=
ac_cv_host=x86_64-pc-mingw64

## ----------------- ##
## Output variables. ##
## ----------------- ##

AR=''
AVX512_CFLAGS=''
AVX_CFLAGS=''
CC=''
CFLAGS=''
CPP=''
CPPFLAGS=''
DEFS=''
EASEL_COPYRIGHT='Copyright (C) 2018 Howard Hughes Medical Institute.'
EASEL_DATE='June 2018'
EASEL_LICENSE='Freely distributed under the BSD open source license.'
EASEL_URL='http://bioeasel.org/'
EASEL_VERSION='0.45h'
ECHO_C=''
ECHO_N='-n'
ECHO_T=''
EGREP=''
EXEEXT=''
GREP=''
GROUPHMMERLIBS=''
HAVE_GZIP=''
HMMERIMPLLIB=''
HMMER_COPYRIGHT='Copyright (C) 2018 Howard Hughes Medical Institute.'
HMMER_DATE='June 2018'
HMMER_ESLDIR='easel'
HMMER_LICENSE='Freely distributed under the BSD open source license.'
HMMER_SADIR='libdivsufsort'
HMMER_URL='http://hmmer.org/'
HMMER_VERSION='3.2.1'
IMPL_CHOICE=''
INSTALL_DATA=''
INSTALL_PROGRAM=''
INSTALL_SCRIPT=''
LDFLAGS=''
LIBGSL=''
LIBOBJS=''
LIBS=''
LN_S=''
LTLIBOBJS=''
MPICC=''
MPILIBS=''
MPI_BENCHMARKS=''
MPI_UTESTS=''
NEON_CFLAGS=''
OBJEXT=''
PACKAGE_BUGREPORT='sean@eddylab.org'
PACKAGE_NAME='HMMER'
PACKAGE_STRING='HMMER 3.2.1'
PACKAGE_TARNAME='hmmer'
PACKAGE_URL=''
PACKAGE_VERSION='3.2.1'
PATH_SEPARATOR=':'
PTHREAD_CC=''
PTHREAD_CFLAGS=''
PTHREAD_LIBS=''
RANLIB=''
SED=''
SHELL='/bin/sh'
SSE4_CFLAGS=''
SSE_CFLAGS=''
VMX_CFLAGS=''
ac_ct_CC=''
ax_pthread_config=''
bindir='${exec_prefix}/bin'
build='x86_64-pc-mingw64'
build_alias=''
build_cpu='x86_64'
build_os='mingw64'
build_vendor='pc'
datadir='${datarootdir}'
datarootdir='${prefix}/share'
docdir='${datarootdir}/doc/${PACKAGE_TARNAME}'
dvidir='${docdir}'
exec_prefix='NONE'
host='x86_64-pc-mingw64'
host_alias=''
host_cpu='x86_64'
host_os='mingw64'
host_vendor='pc'
htmldir='${docdir}'
includedir='${prefix}/include'
infodir='${datarootdir}/info'
libdir='${exec_prefix}/lib'
libexecdir='${exec_prefix}/libexec'
localedir='${datarootdir}/locale'
localstatedir='${prefix}/var'
mandir='${datarootdir}/man'
oldincludedir='/usr/include'
pdfdir='${docdir}'
prefix='/c/Users/Ginny Wu/hmmer-3.2.1'
program_transform_name='s,x,x,'
psdir='${docdir}'
sbindir='${exec_prefix}/sbin'
sharedstatedir='${prefix}/com'
sysconfdir='${prefix}/etc'
target_alias=''

## ----------- ##
## confdefs.h. ##
## ----------- ##

/* confdefs.h */
#define PACKAGE_NAME "HMMER"
#define PACKAGE_TARNAME "hmmer"
#define PACKAGE_VERSION "3.2.1"
#define PACKAGE_STRING "HMMER 3.2.1"
#define PACKAGE_BUGREPORT "sean@eddylab.org"
#define PACKAGE_URL ""
#define HMMER_DATE "June 2018"
#define HMMER_COPYRIGHT "Copyright (C) 2018 Howard Hughes Medical Institute."
#define HMMER_LICENSE "Freely distributed under the BSD open source license."
#define HMMER_VERSION "3.2.1"
#define HMMER_URL "http://hmmer.org/"
#define EASEL_DATE "June 2018"
#define EASEL_COPYRIGHT "Copyright (C) 2018 Howard Hughes Medical Institute."
#define EASEL_LICENSE "Freely distributed under the BSD open source license."
#define EASEL_VERSION "0.45h"
#define eslDEBUGLEVEL 0

configure: exit 1
